{"C:\\Users\\Home-ПК\\Desktop\\pj\\stellar-burgers\\src\\services\\slices\\slicesName.ts": {"path":"C:\\Users\\Home-ПК\\Desktop\\pj\\stellar-burgers\\src\\services\\slices\\slicesName.ts","all":false,"statementMap":{"0":{"start":{"line":1,"column":0},"end":{"line":1,"column":27}},"1":{"start":{"line":2,"column":0},"end":{"line":2,"column":29}},"2":{"start":{"line":3,"column":0},"end":{"line":3,"column":19}},"3":{"start":{"line":4,"column":0},"end":{"line":4,"column":17}},"4":{"start":{"line":5,"column":0},"end":{"line":5,"column":15}},"5":{"start":{"line":6,"column":0},"end":{"line":6,"column":20}},"6":{"start":{"line":7,"column":0},"end":{"line":7,"column":2}}},"s":{"0":1,"1":1,"2":1,"3":1,"4":1,"5":1,"6":1},"branchMap":{},"b":{},"fnMap":{},"f":{}}
,"C:\\Users\\Home-ПК\\Desktop\\pj\\stellar-burgers\\src\\services\\slices\\burgerSlice\\burgerSlice.ts": {"path":"C:\\Users\\Home-ПК\\Desktop\\pj\\stellar-burgers\\src\\services\\slices\\burgerSlice\\burgerSlice.ts","all":false,"statementMap":{"0":{"start":{"line":1,"column":0},"end":{"line":1,"column":72}},"1":{"start":{"line":2,"column":0},"end":{"line":2,"column":43}},"2":{"start":{"line":3,"column":0},"end":{"line":3,"column":75}},"3":{"start":{"line":4,"column":0},"end":{"line":4,"column":0}},"4":{"start":{"line":5,"column":0},"end":{"line":5,"column":35}},"5":{"start":{"line":6,"column":0},"end":{"line":6,"column":63}},"6":{"start":{"line":7,"column":0},"end":{"line":7,"column":40}},"7":{"start":{"line":8,"column":0},"end":{"line":8,"column":1}},"8":{"start":{"line":9,"column":0},"end":{"line":9,"column":0}},"9":{"start":{"line":10,"column":0},"end":{"line":10,"column":40}},"10":{"start":{"line":11,"column":0},"end":{"line":11,"column":29}},"11":{"start":{"line":12,"column":0},"end":{"line":12,"column":17}},"12":{"start":{"line":13,"column":0},"end":{"line":13,"column":2}},"13":{"start":{"line":14,"column":0},"end":{"line":14,"column":0}},"14":{"start":{"line":15,"column":0},"end":{"line":15,"column":25}},"15":{"start":{"line":16,"column":0},"end":{"line":16,"column":32}},"16":{"start":{"line":17,"column":0},"end":{"line":17,"column":13}},"17":{"start":{"line":18,"column":0},"end":{"line":18,"column":15}},"18":{"start":{"line":19,"column":0},"end":{"line":19,"column":6}},"19":{"start":{"line":20,"column":0},"end":{"line":20,"column":56}},"20":{"start":{"line":21,"column":0},"end":{"line":21,"column":23}},"21":{"start":{"line":22,"column":0},"end":{"line":22,"column":12}},"22":{"start":{"line":23,"column":0},"end":{"line":23,"column":33}},"23":{"start":{"line":24,"column":0},"end":{"line":24,"column":17}},"24":{"start":{"line":25,"column":0},"end":{"line":25,"column":21}},"25":{"start":{"line":26,"column":0},"end":{"line":26,"column":29}},"26":{"start":{"line":27,"column":0},"end":{"line":27,"column":6}},"27":{"start":{"line":28,"column":0},"end":{"line":28,"column":3}},"28":{"start":{"line":29,"column":0},"end":{"line":29,"column":25}},"29":{"start":{"line":30,"column":0},"end":{"line":30,"column":12}},"30":{"start":{"line":31,"column":0},"end":{"line":31,"column":29}},"31":{"start":{"line":32,"column":0},"end":{"line":32,"column":21}},"32":{"start":{"line":33,"column":0},"end":{"line":33,"column":17}},"33":{"start":{"line":34,"column":0},"end":{"line":34,"column":29}},"34":{"start":{"line":35,"column":0},"end":{"line":35,"column":6}},"35":{"start":{"line":36,"column":0},"end":{"line":36,"column":3}},"36":{"start":{"line":37,"column":0},"end":{"line":37,"column":13}},"37":{"start":{"line":38,"column":0},"end":{"line":38,"column":2}},"38":{"start":{"line":39,"column":0},"end":{"line":39,"column":0}},"39":{"start":{"line":40,"column":0},"end":{"line":40,"column":80}},"40":{"start":{"line":41,"column":0},"end":{"line":41,"column":46}},"41":{"start":{"line":42,"column":0},"end":{"line":42,"column":0}},"42":{"start":{"line":43,"column":0},"end":{"line":43,"column":27}},"43":{"start":{"line":44,"column":0},"end":{"line":44,"column":32}},"44":{"start":{"line":45,"column":0},"end":{"line":45,"column":33}},"45":{"start":{"line":46,"column":0},"end":{"line":46,"column":6}},"46":{"start":{"line":47,"column":0},"end":{"line":47,"column":20}},"47":{"start":{"line":48,"column":0},"end":{"line":48,"column":13}},"48":{"start":{"line":49,"column":0},"end":{"line":49,"column":2}},"49":{"start":{"line":50,"column":0},"end":{"line":50,"column":0}},"50":{"start":{"line":51,"column":0},"end":{"line":51,"column":33}},"51":{"start":{"line":52,"column":0},"end":{"line":52,"column":26}},"52":{"start":{"line":53,"column":0},"end":{"line":53,"column":15}},"53":{"start":{"line":54,"column":0},"end":{"line":54,"column":13}},"54":{"start":{"line":55,"column":0},"end":{"line":55,"column":78}},"55":{"start":{"line":56,"column":0},"end":{"line":56,"column":42}},"56":{"start":{"line":57,"column":0},"end":{"line":57,"column":35}},"57":{"start":{"line":58,"column":0},"end":{"line":58,"column":14}},"58":{"start":{"line":59,"column":0},"end":{"line":59,"column":46}},"59":{"start":{"line":60,"column":0},"end":{"line":60,"column":28}},"60":{"start":{"line":61,"column":0},"end":{"line":61,"column":24}},"61":{"start":{"line":62,"column":0},"end":{"line":62,"column":10}},"62":{"start":{"line":63,"column":0},"end":{"line":63,"column":7}},"63":{"start":{"line":64,"column":0},"end":{"line":64,"column":6}},"64":{"start":{"line":65,"column":0},"end":{"line":65,"column":55}},"65":{"start":{"line":66,"column":0},"end":{"line":66,"column":42}},"66":{"start":{"line":67,"column":0},"end":{"line":67,"column":26}},"67":{"start":{"line":68,"column":0},"end":{"line":68,"column":23}},"68":{"start":{"line":69,"column":0},"end":{"line":69,"column":12}},"69":{"start":{"line":70,"column":0},"end":{"line":70,"column":8}},"70":{"start":{"line":71,"column":0},"end":{"line":71,"column":6}},"71":{"start":{"line":72,"column":0},"end":{"line":72,"column":57}},"72":{"start":{"line":73,"column":0},"end":{"line":73,"column":42}},"73":{"start":{"line":74,"column":0},"end":{"line":74,"column":26}},"74":{"start":{"line":75,"column":0},"end":{"line":75,"column":23}},"75":{"start":{"line":76,"column":0},"end":{"line":76,"column":14}},"76":{"start":{"line":77,"column":0},"end":{"line":77,"column":8}},"77":{"start":{"line":78,"column":0},"end":{"line":78,"column":6}},"78":{"start":{"line":79,"column":0},"end":{"line":79,"column":65}},"79":{"start":{"line":80,"column":0},"end":{"line":80,"column":80}},"80":{"start":{"line":81,"column":0},"end":{"line":81,"column":5}},"81":{"start":{"line":82,"column":0},"end":{"line":82,"column":4}},"82":{"start":{"line":83,"column":0},"end":{"line":83,"column":31}},"83":{"start":{"line":84,"column":0},"end":{"line":84,"column":23}},"84":{"start":{"line":85,"column":0},"end":{"line":85,"column":63}},"85":{"start":{"line":86,"column":0},"end":{"line":86,"column":39}},"86":{"start":{"line":87,"column":0},"end":{"line":87,"column":6}},"87":{"start":{"line":88,"column":0},"end":{"line":88,"column":4}},"88":{"start":{"line":89,"column":0},"end":{"line":89,"column":14}},"89":{"start":{"line":90,"column":0},"end":{"line":90,"column":46}},"90":{"start":{"line":91,"column":0},"end":{"line":91,"column":61}},"91":{"start":{"line":92,"column":0},"end":{"line":92,"column":3}},"92":{"start":{"line":93,"column":0},"end":{"line":93,"column":3}},"93":{"start":{"line":94,"column":0},"end":{"line":94,"column":0}},"94":{"start":{"line":95,"column":0},"end":{"line":95,"column":27}}},"s":{"0":1,"1":1,"2":1,"3":1,"4":1,"5":1,"6":1,"7":1,"8":1,"9":1,"10":1,"11":1,"12":1,"13":1,"14":1,"15":2,"16":2,"17":2,"18":2,"19":2,"20":2,"21":1,"22":1,"23":1,"24":1,"25":1,"26":1,"27":1,"28":1,"29":1,"30":1,"31":1,"32":1,"33":1,"34":1,"35":1,"36":0,"37":0,"38":1,"39":1,"40":2,"41":1,"42":1,"43":11,"44":11,"45":11,"46":11,"47":11,"48":11,"49":1,"50":1,"51":1,"52":1,"53":1,"54":1,"55":13,"56":2,"57":13,"58":11,"59":11,"60":11,"61":11,"62":11,"63":1,"64":1,"65":1,"66":1,"67":1,"68":1,"69":1,"70":1,"71":1,"72":1,"73":1,"74":1,"75":1,"76":1,"77":1,"78":1,"79":2,"80":2,"81":1,"82":1,"83":1,"84":1,"85":1,"86":1,"87":1,"88":1,"89":1,"90":1,"91":1,"92":1,"93":1,"94":1},"branchMap":{"0":{"type":"branch","line":15,"loc":{"start":{"line":15,"column":24},"end":{"line":38,"column":2}},"locations":[{"start":{"line":15,"column":24},"end":{"line":38,"column":2}}]},"1":{"type":"branch","line":21,"loc":{"start":{"line":21,"column":22},"end":{"line":36,"column":3}},"locations":[{"start":{"line":21,"column":22},"end":{"line":36,"column":3}}]},"2":{"type":"branch","line":37,"loc":{"start":{"line":37,"column":-2},"end":{"line":38,"column":2}},"locations":[{"start":{"line":37,"column":-2},"end":{"line":38,"column":2}}]},"3":{"type":"branch","line":20,"loc":{"start":{"line":20,"column":30},"end":{"line":20,"column":44}},"locations":[{"start":{"line":20,"column":30},"end":{"line":20,"column":44}}]},"4":{"type":"branch","line":40,"loc":{"start":{"line":40,"column":27},"end":{"line":41,"column":46}},"locations":[{"start":{"line":40,"column":27},"end":{"line":41,"column":46}}]},"5":{"type":"branch","line":41,"loc":{"start":{"line":41,"column":13},"end":{"line":41,"column":27}},"locations":[{"start":{"line":41,"column":13},"end":{"line":41,"column":27}}]},"6":{"type":"branch","line":43,"loc":{"start":{"line":43,"column":26},"end":{"line":49,"column":2}},"locations":[{"start":{"line":43,"column":26},"end":{"line":49,"column":2}}]},"7":{"type":"branch","line":55,"loc":{"start":{"line":55,"column":19},"end":{"line":64,"column":5}},"locations":[{"start":{"line":55,"column":19},"end":{"line":64,"column":5}}]},"8":{"type":"branch","line":56,"loc":{"start":{"line":56,"column":41},"end":{"line":58,"column":7}},"locations":[{"start":{"line":56,"column":41},"end":{"line":58,"column":7}}]},"9":{"type":"branch","line":58,"loc":{"start":{"line":58,"column":7},"end":{"line":63,"column":7}},"locations":[{"start":{"line":58,"column":7},"end":{"line":63,"column":7}}]},"10":{"type":"branch","line":65,"loc":{"start":{"line":65,"column":12},"end":{"line":71,"column":5}},"locations":[{"start":{"line":65,"column":12},"end":{"line":71,"column":5}}]},"11":{"type":"branch","line":72,"loc":{"start":{"line":72,"column":14},"end":{"line":78,"column":5}},"locations":[{"start":{"line":72,"column":14},"end":{"line":78,"column":5}}]},"12":{"type":"branch","line":79,"loc":{"start":{"line":79,"column":22},"end":{"line":81,"column":5}},"locations":[{"start":{"line":79,"column":22},"end":{"line":81,"column":5}}]},"13":{"type":"branch","line":83,"loc":{"start":{"line":83,"column":17},"end":{"line":88,"column":3}},"locations":[{"start":{"line":83,"column":17},"end":{"line":88,"column":3}}]},"14":{"type":"branch","line":85,"loc":{"start":{"line":85,"column":6},"end":{"line":85,"column":24}},"locations":[{"start":{"line":85,"column":6},"end":{"line":85,"column":24}}]}},"b":{"0":[2],"1":[1],"2":[0],"3":[5],"4":[2],"5":[3],"6":[11],"7":[13],"8":[2],"9":[11],"10":[1],"11":[1],"12":[2],"13":[1],"14":[17]},"fnMap":{"0":{"name":"moveIngredients","decl":{"start":{"line":15,"column":24},"end":{"line":38,"column":2}},"loc":{"start":{"line":15,"column":24},"end":{"line":38,"column":2}},"line":15},"1":{"name":"deletingIngredient","decl":{"start":{"line":40,"column":27},"end":{"line":41,"column":46}},"loc":{"start":{"line":40,"column":27},"end":{"line":41,"column":46}},"line":40},"2":{"name":"addingIngredients","decl":{"start":{"line":43,"column":26},"end":{"line":49,"column":2}},"loc":{"start":{"line":43,"column":26},"end":{"line":49,"column":2}},"line":43},"3":{"name":"addIngredient","decl":{"start":{"line":55,"column":19},"end":{"line":64,"column":5}},"loc":{"start":{"line":55,"column":19},"end":{"line":64,"column":5}},"line":55},"4":{"name":"moveUp","decl":{"start":{"line":65,"column":12},"end":{"line":71,"column":5}},"loc":{"start":{"line":65,"column":12},"end":{"line":71,"column":5}},"line":65},"5":{"name":"moveDown","decl":{"start":{"line":72,"column":14},"end":{"line":78,"column":5}},"loc":{"start":{"line":72,"column":14},"end":{"line":78,"column":5}},"line":72},"6":{"name":"deleteIngredient","decl":{"start":{"line":79,"column":22},"end":{"line":81,"column":5}},"loc":{"start":{"line":79,"column":22},"end":{"line":81,"column":5}},"line":79},"7":{"name":"extraReducers","decl":{"start":{"line":83,"column":17},"end":{"line":88,"column":3}},"loc":{"start":{"line":83,"column":17},"end":{"line":88,"column":3}},"line":83},"8":{"name":"selectBun","decl":{"start":{"line":90,"column":15},"end":{"line":90,"column":41}},"loc":{"start":{"line":90,"column":15},"end":{"line":90,"column":41}},"line":90},"9":{"name":"selectIngredients","decl":{"start":{"line":91,"column":23},"end":{"line":91,"column":49}},"loc":{"start":{"line":91,"column":23},"end":{"line":91,"column":49}},"line":91}},"f":{"0":2,"1":2,"2":11,"3":13,"4":1,"5":1,"6":2,"7":1,"8":0,"9":0}}
,"C:\\Users\\Home-ПК\\Desktop\\pj\\stellar-burgers\\src\\services\\slices\\burgerSlice\\index.ts": {"path":"C:\\Users\\Home-ПК\\Desktop\\pj\\stellar-burgers\\src\\services\\slices\\burgerSlice\\index.ts","all":false,"statementMap":{"0":{"start":{"line":1,"column":0},"end":{"line":1,"column":40}},"1":{"start":{"line":2,"column":0},"end":{"line":2,"column":0}},"2":{"start":{"line":3,"column":0},"end":{"line":3,"column":53}},"3":{"start":{"line":4,"column":0},"end":{"line":4,"column":49}},"4":{"start":{"line":5,"column":0},"end":{"line":5,"column":35}}},"s":{"0":1,"1":1,"2":1,"3":1,"4":1},"branchMap":{},"b":{},"fnMap":{},"f":{}}
}
