TN:
SF:src\services\slices\slicesName.ts
FNF:0
FNH:0
DA:1,1
DA:2,1
DA:3,1
DA:4,1
DA:5,1
DA:6,1
DA:7,1
LF:7
LH:7
BRF:0
BRH:0
end_of_record
TN:
SF:src\services\slices\burgerSlice\burgerSlice.ts
FN:15,moveIngredients
FN:40,deletingIngredient
FN:43,addingIngredients
FN:55,addIngredient
FN:65,moveUp
FN:72,moveDown
FN:79,deleteIngredient
FN:83,extraReducers
FN:90,selectBun
FN:91,selectIngredients
FNF:10
FNH:8
FNDA:2,moveIngredients
FNDA:2,deletingIngredient
FNDA:11,addingIngredients
FNDA:13,addIngredient
FNDA:1,moveUp
FNDA:1,moveDown
FNDA:2,deleteIngredient
FNDA:1,extraReducers
FNDA:0,selectBun
FNDA:0,selectIngredients
DA:1,1
DA:2,1
DA:3,1
DA:4,1
DA:5,1
DA:6,1
DA:7,1
DA:8,1
DA:9,1
DA:10,1
DA:11,1
DA:12,1
DA:13,1
DA:14,1
DA:15,1
DA:16,2
DA:17,2
DA:18,2
DA:19,2
DA:20,2
DA:21,2
DA:22,1
DA:23,1
DA:24,1
DA:25,1
DA:26,1
DA:27,1
DA:28,1
DA:29,1
DA:30,1
DA:31,1
DA:32,1
DA:33,1
DA:34,1
DA:35,1
DA:36,1
DA:37,0
DA:38,0
DA:39,1
DA:40,1
DA:41,2
DA:42,1
DA:43,1
DA:44,11
DA:45,11
DA:46,11
DA:47,11
DA:48,11
DA:49,11
DA:50,1
DA:51,1
DA:52,1
DA:53,1
DA:54,1
DA:55,1
DA:56,13
DA:57,2
DA:58,13
DA:59,11
DA:60,11
DA:61,11
DA:62,11
DA:63,11
DA:64,1
DA:65,1
DA:66,1
DA:67,1
DA:68,1
DA:69,1
DA:70,1
DA:71,1
DA:72,1
DA:73,1
DA:74,1
DA:75,1
DA:76,1
DA:77,1
DA:78,1
DA:79,1
DA:80,2
DA:81,2
DA:82,1
DA:83,1
DA:84,1
DA:85,1
DA:86,1
DA:87,1
DA:88,1
DA:89,1
DA:90,1
DA:91,1
DA:92,1
DA:93,1
DA:94,1
DA:95,1
LF:95
LH:93
BRDA:15,0,0,2
BRDA:21,1,0,1
BRDA:37,2,0,0
BRDA:20,3,0,5
BRDA:40,4,0,2
BRDA:41,5,0,3
BRDA:43,6,0,11
BRDA:55,7,0,13
BRDA:56,8,0,2
BRDA:58,9,0,11
BRDA:65,10,0,1
BRDA:72,11,0,1
BRDA:79,12,0,2
BRDA:83,13,0,1
BRDA:85,14,0,17
BRF:15
BRH:14
end_of_record
TN:
SF:src\services\slices\burgerSlice\index.ts
FNF:0
FNH:0
DA:1,1
DA:2,1
DA:3,1
DA:4,1
DA:5,1
LF:5
LH:5
BRF:0
BRH:0
end_of_record
